FUSE library version: 2.9.9
nullpath_ok: 0
nopath: 0
utime_omit_ok: 0
unique: 2, opcode: INIT (26), nodeid: 0, insize: 56, pid: 0
INIT: 7.34
flags=0x33fffffb
max_readahead=0x00020000
   INIT: 7.19
   flags=0x00000011
   max_readahead=0x00020000
   max_write=0x00001000
   max_background=0
   congestion_threshold=0
   unique: 2, success, outsize: 40
unique: 4, opcode: GETATTR (3), nodeid: 1, insize: 56, pid: 35830
getattr /
   unique: 4, success, outsize: 120
unique: 6, opcode: ACCESS (34), nodeid: 1, insize: 48, pid: 35083
   unique: 6, error: -38 (Function not implemented), outsize: 16
unique: 8, opcode: STATFS (17), nodeid: 1, insize: 40, pid: 35832
statfs /
   unique: 8, success, outsize: 96
unique: 10, opcode: LOOKUP (1), nodeid: 1, insize: 54, pid: 35832
LOOKUP /shake-med.txt
getattr /shake-med.txt
   NODEID: 2
   unique: 10, success, outsize: 144
unique: 12, opcode: OPEN (14), nodeid: 2, insize: 48, pid: 35832
   unique: 12, success, outsize: 32
unique: 14, opcode: IOCTL (39), nodeid: 2, insize: 72, pid: 35832
   unique: 14, success, outsize: 32
unique: 16, opcode: IOCTL (39), nodeid: 2, insize: 72, pid: 35832
   unique: 16, success, outsize: 32
unique: 18, opcode: GETXATTR (22), nodeid: 2, insize: 68, pid: 35832
   unique: 18, error: -38 (Function not implemented), outsize: 16
unique: 20, opcode: WRITE (16), nodeid: 2, insize: 126, pid: 35832
write[0] 46 bytes to 36864 flags: 0x8401
   write[0] 0 bytes to 36864
   unique: 20, success, outsize: 24
unique: 22, opcode: WRITE (16), nodeid: 2, insize: 126, pid: 35832
write[0] 46 bytes to 36864 flags: 0x8401
   write[0] 0 bytes to 36864
   unique: 22, success, outsize: 24
unique: 24, opcode: FLUSH (25), nodeid: 2, insize: 64, pid: 35832
   unique: 24, error: -38 (Function not implemented), outsize: 16
unique: 26, opcode: RELEASE (18), nodeid: 2, insize: 64, pid: 0
   unique: 26, success, outsize: 16
FUSE library version: 2.9.9
nullpath_ok: 0
nopath: 0
utime_omit_ok: 0
unique: 2, opcode: INIT (26), nodeid: 0, insize: 56, pid: 0
INIT: 7.34
flags=0x33fffffb
max_readahead=0x00020000
   INIT: 7.19
   flags=0x00000011
   max_readahead=0x00020000
   max_write=0x00001000
   max_background=0
   congestion_threshold=0
   unique: 2, success, outsize: 40
unique: 4, opcode: GETATTR (3), nodeid: 1, insize: 56, pid: 51028
getattr /
   unique: 4, success, outsize: 120
unique: 6, opcode: ACCESS (34), nodeid: 1, insize: 48, pid: 50568
   unique: 6, error: -38 (Function not implemented), outsize: 16
unique: 8, opcode: STATFS (17), nodeid: 1, insize: 40, pid: 51030
statfs /
   unique: 8, success, outsize: 96
unique: 10, opcode: LOOKUP (1), nodeid: 1, insize: 54, pid: 51030
LOOKUP /shake-med.txt
getattr /shake-med.txt
   NODEID: 2
   unique: 10, success, outsize: 144
unique: 12, opcode: OPEN (14), nodeid: 2, insize: 48, pid: 51030
   unique: 12, success, outsize: 32
unique: 14, opcode: IOCTL (39), nodeid: 2, insize: 72, pid: 51030
   unique: 14, success, outsize: 32
unique: 16, opcode: IOCTL (39), nodeid: 2, insize: 72, pid: 51030
   unique: 16, success, outsize: 32
unique: 18, opcode: GETXATTR (22), nodeid: 2, insize: 68, pid: 51030
   unique: 18, error: -38 (Function not implemented), outsize: 16
unique: 20, opcode: WRITE (16), nodeid: 2, insize: 126, pid: 51030
write[0] 46 bytes to 36864 flags: 0x8401
   write[0] 0 bytes to 36864
   unique: 20, success, outsize: 24
unique: 22, opcode: WRITE (16), nodeid: 2, insize: 126, pid: 51030
write[0] 46 bytes to 36864 flags: 0x8401
   write[0] 0 bytes to 36864
   unique: 22, success, outsize: 24
unique: 24, opcode: FLUSH (25), nodeid: 2, insize: 64, pid: 51030
   unique: 24, error: -38 (Function not implemented), outsize: 16
unique: 26, opcode: RELEASE (18), nodeid: 2, insize: 64, pid: 0
   unique: 26, success, outsize: 16
FUSE library version: 2.9.9
nullpath_ok: 0
nopath: 0
utime_omit_ok: 0
unique: 2, opcode: INIT (26), nodeid: 0, insize: 56, pid: 0
INIT: 7.34
flags=0x33fffffb
max_readahead=0x00020000
   INIT: 7.19
   flags=0x00000011
   max_readahead=0x00020000
   max_write=0x00001000
   max_background=0
   congestion_threshold=0
   unique: 2, success, outsize: 40
unique: 4, opcode: GETATTR (3), nodeid: 1, insize: 56, pid: 65254
getattr /
   unique: 4, success, outsize: 120
unique: 6, opcode: ACCESS (34), nodeid: 1, insize: 48, pid: 64799
   unique: 6, error: -38 (Function not implemented), outsize: 16
unique: 8, opcode: STATFS (17), nodeid: 1, insize: 40, pid: 65256
statfs /
   unique: 8, success, outsize: 96
unique: 10, opcode: LOOKUP (1), nodeid: 1, insize: 54, pid: 65256
LOOKUP /shake-med.txt
getattr /shake-med.txt
   NODEID: 2
   unique: 10, success, outsize: 144
unique: 12, opcode: OPEN (14), nodeid: 2, insize: 48, pid: 65256
   unique: 12, success, outsize: 32
unique: 14, opcode: IOCTL (39), nodeid: 2, insize: 72, pid: 65256
   unique: 14, success, outsize: 32
unique: 16, opcode: IOCTL (39), nodeid: 2, insize: 72, pid: 65256
   unique: 16, success, outsize: 32
unique: 18, opcode: GETXATTR (22), nodeid: 2, insize: 68, pid: 65256
   unique: 18, error: -38 (Function not implemented), outsize: 16
unique: 20, opcode: WRITE (16), nodeid: 2, insize: 126, pid: 65256
write[0] 46 bytes to 36864 flags: 0x8401
   write[0] 0 bytes to 36864
   unique: 20, success, outsize: 24
unique: 22, opcode: WRITE (16), nodeid: 2, insize: 126, pid: 65256
write[0] 46 bytes to 36864 flags: 0x8401
   write[0] 0 bytes to 36864
   unique: 22, success, outsize: 24
unique: 24, opcode: FLUSH (25), nodeid: 2, insize: 64, pid: 65256
   unique: 24, error: -38 (Function not implemented), outsize: 16
unique: 26, opcode: RELEASE (18), nodeid: 2, insize: 64, pid: 0
   unique: 26, success, outsize: 16
FUSE library version: 2.9.9
nullpath_ok: 0
nopath: 0
utime_omit_ok: 0
unique: 2, opcode: INIT (26), nodeid: 0, insize: 56, pid: 0
INIT: 7.34
flags=0x33fffffb
max_readahead=0x00020000
   INIT: 7.19
   flags=0x00000011
   max_readahead=0x00020000
   max_write=0x00001000
   max_background=0
   congestion_threshold=0
   unique: 2, success, outsize: 40
unique: 4, opcode: GETATTR (3), nodeid: 1, insize: 56, pid: 1317
getattr /
   unique: 4, success, outsize: 120
unique: 6, opcode: ACCESS (34), nodeid: 1, insize: 48, pid: 871
   unique: 6, error: -38 (Function not implemented), outsize: 16
unique: 8, opcode: STATFS (17), nodeid: 1, insize: 40, pid: 1319
statfs /
   unique: 8, success, outsize: 96
unique: 10, opcode: LOOKUP (1), nodeid: 1, insize: 54, pid: 1319
LOOKUP /shake-med.txt
getattr /shake-med.txt
   NODEID: 2
   unique: 10, success, outsize: 144
unique: 12, opcode: OPEN (14), nodeid: 2, insize: 48, pid: 1319
   unique: 12, success, outsize: 32
unique: 14, opcode: IOCTL (39), nodeid: 2, insize: 72, pid: 1319
   unique: 14, success, outsize: 32
unique: 16, opcode: IOCTL (39), nodeid: 2, insize: 72, pid: 1319
   unique: 16, success, outsize: 32
unique: 18, opcode: GETXATTR (22), nodeid: 2, insize: 68, pid: 1319
   unique: 18, error: -38 (Function not implemented), outsize: 16
unique: 20, opcode: WRITE (16), nodeid: 2, insize: 126, pid: 1319
write[0] 46 bytes to 36864 flags: 0x8401
   write[0] 0 bytes to 36864
   unique: 20, success, outsize: 24
unique: 22, opcode: WRITE (16), nodeid: 2, insize: 126, pid: 1319
write[0] 46 bytes to 36864 flags: 0x8401
   write[0] 0 bytes to 36864
   unique: 22, success, outsize: 24
unique: 24, opcode: FLUSH (25), nodeid: 2, insize: 64, pid: 1319
   unique: 24, error: -38 (Function not implemented), outsize: 16
unique: 26, opcode: RELEASE (18), nodeid: 2, insize: 64, pid: 0
   unique: 26, success, outsize: 16
FUSE library version: 2.9.9
nullpath_ok: 0
nopath: 0
utime_omit_ok: 0
unique: 2, opcode: INIT (26), nodeid: 0, insize: 56, pid: 0
INIT: 7.34
flags=0x33fffffb
max_readahead=0x00020000
   INIT: 7.19
   flags=0x00000011
   max_readahead=0x00020000
   max_write=0x00001000
   max_background=0
   congestion_threshold=0
   unique: 2, success, outsize: 40
unique: 4, opcode: GETATTR (3), nodeid: 1, insize: 56, pid: 7392
getattr /
   unique: 4, success, outsize: 120
unique: 6, opcode: ACCESS (34), nodeid: 1, insize: 48, pid: 6882
   unique: 6, error: -38 (Function not implemented), outsize: 16
unique: 8, opcode: STATFS (17), nodeid: 1, insize: 40, pid: 7394
statfs /
   unique: 8, success, outsize: 96
unique: 10, opcode: LOOKUP (1), nodeid: 1, insize: 54, pid: 7394
LOOKUP /shake-med.txt
getattr /shake-med.txt
   NODEID: 2
   unique: 10, success, outsize: 144
unique: 12, opcode: OPEN (14), nodeid: 2, insize: 48, pid: 7394
   unique: 12, success, outsize: 32
unique: 14, opcode: IOCTL (39), nodeid: 2, insize: 72, pid: 7394
   unique: 14, success, outsize: 32
unique: 16, opcode: IOCTL (39), nodeid: 2, insize: 72, pid: 7394
   unique: 16, success, outsize: 32
unique: 18, opcode: GETXATTR (22), nodeid: 2, insize: 68, pid: 7394
   unique: 18, error: -38 (Function not implemented), outsize: 16
unique: 20, opcode: WRITE (16), nodeid: 2, insize: 126, pid: 7394
write[0] 46 bytes to 36864 flags: 0x8401
   write[0] 0 bytes to 36864
   unique: 20, success, outsize: 24
unique: 22, opcode: WRITE (16), nodeid: 2, insize: 126, pid: 7394
write[0] 46 bytes to 36864 flags: 0x8401
   write[0] 0 bytes to 36864
   unique: 22, success, outsize: 24
unique: 24, opcode: FLUSH (25), nodeid: 2, insize: 64, pid: 7394
   unique: 24, error: -38 (Function not implemented), outsize: 16
unique: 26, opcode: RELEASE (18), nodeid: 2, insize: 64, pid: 0
   unique: 26, success, outsize: 16
