FUSE library version: 2.9.9
nullpath_ok: 0
nopath: 0
utime_omit_ok: 0
unique: 2, opcode: INIT (26), nodeid: 0, insize: 56, pid: 0
INIT: 7.34
flags=0x33fffffb
max_readahead=0x00020000
   INIT: 7.19
   flags=0x00000011
   max_readahead=0x00020000
   max_write=0x00001000
   max_background=0
   congestion_threshold=0
   unique: 2, success, outsize: 40
unique: 4, opcode: GETATTR (3), nodeid: 1, insize: 56, pid: 35400
getattr /
   unique: 4, success, outsize: 120
unique: 6, opcode: ACCESS (34), nodeid: 1, insize: 48, pid: 35083
   unique: 6, error: -38 (Function not implemented), outsize: 16
unique: 8, opcode: STATFS (17), nodeid: 1, insize: 40, pid: 35402
statfs /
   unique: 8, success, outsize: 96
unique: 10, opcode: LOOKUP (1), nodeid: 1, insize: 47, pid: 35402
LOOKUP /file.0
getattr /file.0
   unique: 10, error: -1 (Operation not permitted), outsize: 16
unique: 12, opcode: LOOKUP (1), nodeid: 1, insize: 47, pid: 35402
LOOKUP /file.0
getattr /file.0
   unique: 12, error: -1 (Operation not permitted), outsize: 16
FUSE library version: 2.9.9
nullpath_ok: 0
nopath: 0
utime_omit_ok: 0
unique: 2, opcode: INIT (26), nodeid: 0, insize: 56, pid: 0
INIT: 7.34
flags=0x33fffffb
max_readahead=0x00020000
   INIT: 7.19
   flags=0x00000011
   max_readahead=0x00020000
   max_write=0x00001000
   max_background=0
   congestion_threshold=0
   unique: 2, success, outsize: 40
unique: 4, opcode: GETATTR (3), nodeid: 1, insize: 56, pid: 50767
getattr /
   unique: 4, success, outsize: 120
unique: 6, opcode: ACCESS (34), nodeid: 1, insize: 48, pid: 50568
   unique: 6, error: -38 (Function not implemented), outsize: 16
unique: 8, opcode: STATFS (17), nodeid: 1, insize: 40, pid: 50769
statfs /
   unique: 8, success, outsize: 96
unique: 10, opcode: LOOKUP (1), nodeid: 1, insize: 47, pid: 50769
LOOKUP /file.0
getattr /file.0
   unique: 10, error: -1 (Operation not permitted), outsize: 16
unique: 12, opcode: LOOKUP (1), nodeid: 1, insize: 47, pid: 50769
LOOKUP /file.0
getattr /file.0
   unique: 12, error: -1 (Operation not permitted), outsize: 16
FUSE library version: 2.9.9
nullpath_ok: 0
nopath: 0
utime_omit_ok: 0
unique: 2, opcode: INIT (26), nodeid: 0, insize: 56, pid: 0
INIT: 7.34
flags=0x33fffffb
max_readahead=0x00020000
   INIT: 7.19
   flags=0x00000011
   max_readahead=0x00020000
   max_write=0x00001000
   max_background=0
   congestion_threshold=0
   unique: 2, success, outsize: 40
unique: 4, opcode: GETATTR (3), nodeid: 1, insize: 56, pid: 64981
getattr /
   unique: 4, success, outsize: 120
unique: 6, opcode: ACCESS (34), nodeid: 1, insize: 48, pid: 64799
   unique: 6, error: -38 (Function not implemented), outsize: 16
unique: 8, opcode: STATFS (17), nodeid: 1, insize: 40, pid: 64983
statfs /
   unique: 8, success, outsize: 96
unique: 10, opcode: LOOKUP (1), nodeid: 1, insize: 47, pid: 64983
LOOKUP /file.0
getattr /file.0
   unique: 10, error: -1 (Operation not permitted), outsize: 16
unique: 12, opcode: LOOKUP (1), nodeid: 1, insize: 47, pid: 64983
LOOKUP /file.0
getattr /file.0
   unique: 12, error: -1 (Operation not permitted), outsize: 16
FUSE library version: 2.9.9
nullpath_ok: 0
nopath: 0
utime_omit_ok: 0
unique: 2, opcode: INIT (26), nodeid: 0, insize: 56, pid: 0
INIT: 7.34
flags=0x33fffffb
max_readahead=0x00020000
   INIT: 7.19
   flags=0x00000011
   max_readahead=0x00020000
   max_write=0x00001000
   max_background=0
   congestion_threshold=0
   unique: 2, success, outsize: 40
unique: 4, opcode: GETATTR (3), nodeid: 1, insize: 56, pid: 1070
getattr /
   unique: 4, success, outsize: 120
unique: 6, opcode: ACCESS (34), nodeid: 1, insize: 48, pid: 871
   unique: 6, error: -38 (Function not implemented), outsize: 16
unique: 8, opcode: STATFS (17), nodeid: 1, insize: 40, pid: 1072
statfs /
   unique: 8, success, outsize: 96
unique: 10, opcode: LOOKUP (1), nodeid: 1, insize: 47, pid: 1072
LOOKUP /file.0
getattr /file.0
   unique: 10, error: -1 (Operation not permitted), outsize: 16
unique: 12, opcode: LOOKUP (1), nodeid: 1, insize: 47, pid: 1072
LOOKUP /file.0
getattr /file.0
   unique: 12, error: -1 (Operation not permitted), outsize: 16
FUSE library version: 2.9.9
nullpath_ok: 0
nopath: 0
utime_omit_ok: 0
unique: 2, opcode: INIT (26), nodeid: 0, insize: 56, pid: 0
INIT: 7.34
flags=0x33fffffb
max_readahead=0x00020000
   INIT: 7.19
   flags=0x00000011
   max_readahead=0x00020000
   max_write=0x00001000
   max_background=0
   congestion_threshold=0
   unique: 2, success, outsize: 40
unique: 4, opcode: GETATTR (3), nodeid: 1, insize: 56, pid: 7141
getattr /
   unique: 4, success, outsize: 120
unique: 6, opcode: ACCESS (34), nodeid: 1, insize: 48, pid: 6882
   unique: 6, error: -38 (Function not implemented), outsize: 16
unique: 8, opcode: STATFS (17), nodeid: 1, insize: 40, pid: 7143
statfs /
   unique: 8, success, outsize: 96
unique: 10, opcode: LOOKUP (1), nodeid: 1, insize: 47, pid: 7143
LOOKUP /file.0
getattr /file.0
   unique: 10, error: -1 (Operation not permitted), outsize: 16
unique: 12, opcode: LOOKUP (1), nodeid: 1, insize: 47, pid: 7143
LOOKUP /file.0
getattr /file.0
   unique: 12, error: -1 (Operation not permitted), outsize: 16
