FUSE library version: 2.9.9
nullpath_ok: 0
nopath: 0
utime_omit_ok: 0
unique: 2, opcode: INIT (26), nodeid: 0, insize: 56, pid: 0
INIT: 7.34
flags=0x33fffffb
max_readahead=0x00020000
   INIT: 7.19
   flags=0x00000011
   max_readahead=0x00020000
   max_write=0x00001000
   max_background=0
   congestion_threshold=0
   unique: 2, success, outsize: 40
unique: 4, opcode: GETATTR (3), nodeid: 1, insize: 56, pid: 35622
getattr /
   unique: 4, success, outsize: 120
unique: 6, opcode: ACCESS (34), nodeid: 1, insize: 48, pid: 35083
   unique: 6, error: -38 (Function not implemented), outsize: 16
unique: 8, opcode: STATFS (17), nodeid: 1, insize: 40, pid: 35624
statfs /
   unique: 8, success, outsize: 96
unique: 10, opcode: LOOKUP (1), nodeid: 1, insize: 56, pid: 35624
LOOKUP /shake-short.txt
getattr /shake-short.txt
   NODEID: 2
   unique: 10, success, outsize: 144
unique: 12, opcode: GETXATTR (22), nodeid: 2, insize: 68, pid: 35624
   unique: 12, error: -38 (Function not implemented), outsize: 16
unique: 14, opcode: SETATTR (4), nodeid: 2, insize: 128, pid: 35624
truncate /shake-short.txt 0
   unique: 14, error: -38 (Function not implemented), outsize: 16
FUSE library version: 2.9.9
nullpath_ok: 0
nopath: 0
utime_omit_ok: 0
unique: 2, opcode: INIT (26), nodeid: 0, insize: 56, pid: 0
INIT: 7.34
flags=0x33fffffb
max_readahead=0x00020000
   INIT: 7.19
   flags=0x00000011
   max_readahead=0x00020000
   max_write=0x00001000
   max_background=0
   congestion_threshold=0
   unique: 2, success, outsize: 40
unique: 4, opcode: GETATTR (3), nodeid: 1, insize: 56, pid: 50914
getattr /
   unique: 4, success, outsize: 120
unique: 6, opcode: ACCESS (34), nodeid: 1, insize: 48, pid: 50568
   unique: 6, error: -38 (Function not implemented), outsize: 16
unique: 8, opcode: STATFS (17), nodeid: 1, insize: 40, pid: 50916
statfs /
   unique: 8, success, outsize: 96
unique: 10, opcode: LOOKUP (1), nodeid: 1, insize: 56, pid: 50916
LOOKUP /shake-short.txt
getattr /shake-short.txt
   NODEID: 2
   unique: 10, success, outsize: 144
unique: 12, opcode: GETXATTR (22), nodeid: 2, insize: 68, pid: 50916
   unique: 12, error: -38 (Function not implemented), outsize: 16
unique: 14, opcode: SETATTR (4), nodeid: 2, insize: 128, pid: 50916
truncate /shake-short.txt 0
   unique: 14, error: -38 (Function not implemented), outsize: 16
FUSE library version: 2.9.9
nullpath_ok: 0
nopath: 0
utime_omit_ok: 0
unique: 2, opcode: INIT (26), nodeid: 0, insize: 56, pid: 0
INIT: 7.34
flags=0x33fffffb
max_readahead=0x00020000
   INIT: 7.19
   flags=0x00000011
   max_readahead=0x00020000
   max_write=0x00001000
   max_background=0
   congestion_threshold=0
   unique: 2, success, outsize: 40
unique: 4, opcode: GETATTR (3), nodeid: 1, insize: 56, pid: 65128
getattr /
   unique: 4, success, outsize: 120
unique: 6, opcode: ACCESS (34), nodeid: 1, insize: 48, pid: 64799
   unique: 6, error: -38 (Function not implemented), outsize: 16
unique: 8, opcode: STATFS (17), nodeid: 1, insize: 40, pid: 65130
statfs /
   unique: 8, success, outsize: 96
unique: 10, opcode: LOOKUP (1), nodeid: 1, insize: 56, pid: 65130
LOOKUP /shake-short.txt
getattr /shake-short.txt
   NODEID: 2
   unique: 10, success, outsize: 144
unique: 12, opcode: GETXATTR (22), nodeid: 2, insize: 68, pid: 65130
   unique: 12, error: -38 (Function not implemented), outsize: 16
unique: 14, opcode: SETATTR (4), nodeid: 2, insize: 128, pid: 65130
truncate /shake-short.txt 0
   unique: 14, error: -38 (Function not implemented), outsize: 16
FUSE library version: 2.9.9
nullpath_ok: 0
nopath: 0
utime_omit_ok: 0
unique: 2, opcode: INIT (26), nodeid: 0, insize: 56, pid: 0
INIT: 7.34
flags=0x33fffffb
max_readahead=0x00020000
   INIT: 7.19
   flags=0x00000011
   max_readahead=0x00020000
   max_write=0x00001000
   max_background=0
   congestion_threshold=0
   unique: 2, success, outsize: 40
unique: 4, opcode: GETATTR (3), nodeid: 1, insize: 56, pid: 1194
getattr /
   unique: 4, success, outsize: 120
unique: 6, opcode: ACCESS (34), nodeid: 1, insize: 48, pid: 871
   unique: 6, error: -38 (Function not implemented), outsize: 16
unique: 8, opcode: STATFS (17), nodeid: 1, insize: 40, pid: 1196
statfs /
   unique: 8, success, outsize: 96
unique: 10, opcode: LOOKUP (1), nodeid: 1, insize: 56, pid: 1196
LOOKUP /shake-short.txt
getattr /shake-short.txt
   NODEID: 2
   unique: 10, success, outsize: 144
unique: 12, opcode: GETXATTR (22), nodeid: 2, insize: 68, pid: 1196
   unique: 12, error: -38 (Function not implemented), outsize: 16
unique: 14, opcode: SETATTR (4), nodeid: 2, insize: 128, pid: 1196
truncate /shake-short.txt 0
   unique: 14, error: -38 (Function not implemented), outsize: 16
FUSE library version: 2.9.9
nullpath_ok: 0
nopath: 0
utime_omit_ok: 0
unique: 2, opcode: INIT (26), nodeid: 0, insize: 56, pid: 0
INIT: 7.34
flags=0x33fffffb
max_readahead=0x00020000
   INIT: 7.19
   flags=0x00000011
   max_readahead=0x00020000
   max_write=0x00001000
   max_background=0
   congestion_threshold=0
   unique: 2, success, outsize: 40
unique: 4, opcode: GETATTR (3), nodeid: 1, insize: 56, pid: 7275
getattr /
   unique: 4, success, outsize: 120
unique: 6, opcode: ACCESS (34), nodeid: 1, insize: 48, pid: 6882
   unique: 6, error: -38 (Function not implemented), outsize: 16
unique: 8, opcode: STATFS (17), nodeid: 1, insize: 40, pid: 7277
statfs /
   unique: 8, success, outsize: 96
unique: 10, opcode: LOOKUP (1), nodeid: 1, insize: 56, pid: 7277
LOOKUP /shake-short.txt
getattr /shake-short.txt
   NODEID: 2
   unique: 10, success, outsize: 144
unique: 12, opcode: GETXATTR (22), nodeid: 2, insize: 68, pid: 7277
   unique: 12, error: -38 (Function not implemented), outsize: 16
unique: 14, opcode: SETATTR (4), nodeid: 2, insize: 128, pid: 7277
truncate /shake-short.txt 0
   unique: 14, error: -38 (Function not implemented), outsize: 16
