FUSE library version: 2.9.9
nullpath_ok: 0
nopath: 0
utime_omit_ok: 0
unique: 2, opcode: INIT (26), nodeid: 0, insize: 56, pid: 0
INIT: 7.34
flags=0x33fffffb
max_readahead=0x00020000
   INIT: 7.19
   flags=0x00000011
   max_readahead=0x00020000
   max_write=0x00001000
   max_background=0
   congestion_threshold=0
   unique: 2, success, outsize: 40
unique: 4, opcode: GETATTR (3), nodeid: 1, insize: 56, pid: 35769
getattr /
   unique: 4, success, outsize: 120
unique: 6, opcode: ACCESS (34), nodeid: 1, insize: 48, pid: 35083
   unique: 6, error: -38 (Function not implemented), outsize: 16
unique: 8, opcode: STATFS (17), nodeid: 1, insize: 40, pid: 35771
statfs /
   unique: 8, success, outsize: 96
unique: 10, opcode: LOOKUP (1), nodeid: 1, insize: 52, pid: 35771
LOOKUP /onefile.txt
getattr /onefile.txt
   NODEID: 2
   unique: 10, success, outsize: 144
unique: 12, opcode: OPEN (14), nodeid: 2, insize: 48, pid: 35771
   unique: 12, success, outsize: 32
unique: 14, opcode: GETXATTR (22), nodeid: 2, insize: 68, pid: 35771
   unique: 14, error: -38 (Function not implemented), outsize: 16
unique: 16, opcode: WRITE (16), nodeid: 2, insize: 138, pid: 35771
write[0] 58 bytes to 8224 flags: 0x8002
   unique: 16, error: -28 (No space left on device), outsize: 16
unique: 18, opcode: FLUSH (25), nodeid: 2, insize: 64, pid: 35771
   unique: 18, error: -38 (Function not implemented), outsize: 16
unique: 20, opcode: RELEASE (18), nodeid: 2, insize: 64, pid: 0
   unique: 20, success, outsize: 16
FUSE library version: 2.9.9
nullpath_ok: 0
nopath: 0
utime_omit_ok: 0
unique: 2, opcode: INIT (26), nodeid: 0, insize: 56, pid: 0
INIT: 7.34
flags=0x33fffffb
max_readahead=0x00020000
   INIT: 7.19
   flags=0x00000011
   max_readahead=0x00020000
   max_write=0x00001000
   max_background=0
   congestion_threshold=0
   unique: 2, success, outsize: 40
unique: 4, opcode: GETATTR (3), nodeid: 1, insize: 56, pid: 50999
getattr /
   unique: 4, success, outsize: 120
unique: 6, opcode: ACCESS (34), nodeid: 1, insize: 48, pid: 50568
   unique: 6, error: -38 (Function not implemented), outsize: 16
unique: 8, opcode: STATFS (17), nodeid: 1, insize: 40, pid: 51001
statfs /
   unique: 8, success, outsize: 96
unique: 10, opcode: LOOKUP (1), nodeid: 1, insize: 52, pid: 51001
LOOKUP /onefile.txt
getattr /onefile.txt
   NODEID: 2
   unique: 10, success, outsize: 144
unique: 12, opcode: OPEN (14), nodeid: 2, insize: 48, pid: 51001
   unique: 12, success, outsize: 32
unique: 14, opcode: GETXATTR (22), nodeid: 2, insize: 68, pid: 51001
   unique: 14, error: -38 (Function not implemented), outsize: 16
unique: 16, opcode: WRITE (16), nodeid: 2, insize: 138, pid: 51001
write[0] 58 bytes to 8224 flags: 0x8002
   unique: 16, error: -28 (No space left on device), outsize: 16
unique: 18, opcode: FLUSH (25), nodeid: 2, insize: 64, pid: 51001
   unique: 18, error: -38 (Function not implemented), outsize: 16
unique: 20, opcode: RELEASE (18), nodeid: 2, insize: 64, pid: 0
   unique: 20, success, outsize: 16
FUSE library version: 2.9.9
nullpath_ok: 0
nopath: 0
utime_omit_ok: 0
unique: 2, opcode: INIT (26), nodeid: 0, insize: 56, pid: 0
INIT: 7.34
flags=0x33fffffb
max_readahead=0x00020000
   INIT: 7.19
   flags=0x00000011
   max_readahead=0x00020000
   max_write=0x00001000
   max_background=0
   congestion_threshold=0
   unique: 2, success, outsize: 40
unique: 4, opcode: GETATTR (3), nodeid: 1, insize: 56, pid: 65223
getattr /
   unique: 4, success, outsize: 120
unique: 6, opcode: ACCESS (34), nodeid: 1, insize: 48, pid: 64799
   unique: 6, error: -38 (Function not implemented), outsize: 16
unique: 8, opcode: STATFS (17), nodeid: 1, insize: 40, pid: 65225
statfs /
   unique: 8, success, outsize: 96
unique: 10, opcode: LOOKUP (1), nodeid: 1, insize: 52, pid: 65225
LOOKUP /onefile.txt
getattr /onefile.txt
   NODEID: 2
   unique: 10, success, outsize: 144
unique: 12, opcode: OPEN (14), nodeid: 2, insize: 48, pid: 65225
   unique: 12, success, outsize: 32
unique: 14, opcode: GETXATTR (22), nodeid: 2, insize: 68, pid: 65225
   unique: 14, error: -38 (Function not implemented), outsize: 16
unique: 16, opcode: WRITE (16), nodeid: 2, insize: 138, pid: 65225
write[0] 58 bytes to 8224 flags: 0x8002
   unique: 16, error: -28 (No space left on device), outsize: 16
unique: 18, opcode: FLUSH (25), nodeid: 2, insize: 64, pid: 65225
   unique: 18, error: -38 (Function not implemented), outsize: 16
unique: 20, opcode: RELEASE (18), nodeid: 2, insize: 64, pid: 0
   unique: 20, success, outsize: 16
FUSE library version: 2.9.9
nullpath_ok: 0
nopath: 0
utime_omit_ok: 0
unique: 2, opcode: INIT (26), nodeid: 0, insize: 56, pid: 0
INIT: 7.34
flags=0x33fffffb
max_readahead=0x00020000
   INIT: 7.19
   flags=0x00000011
   max_readahead=0x00020000
   max_write=0x00001000
   max_background=0
   congestion_threshold=0
   unique: 2, success, outsize: 40
unique: 4, opcode: GETATTR (3), nodeid: 1, insize: 56, pid: 1288
getattr /
   unique: 4, success, outsize: 120
unique: 6, opcode: ACCESS (34), nodeid: 1, insize: 48, pid: 871
   unique: 6, error: -38 (Function not implemented), outsize: 16
unique: 8, opcode: STATFS (17), nodeid: 1, insize: 40, pid: 1290
statfs /
   unique: 8, success, outsize: 96
unique: 10, opcode: LOOKUP (1), nodeid: 1, insize: 52, pid: 1290
LOOKUP /onefile.txt
getattr /onefile.txt
   NODEID: 2
   unique: 10, success, outsize: 144
unique: 12, opcode: OPEN (14), nodeid: 2, insize: 48, pid: 1290
   unique: 12, success, outsize: 32
unique: 14, opcode: GETXATTR (22), nodeid: 2, insize: 68, pid: 1290
   unique: 14, error: -38 (Function not implemented), outsize: 16
unique: 16, opcode: WRITE (16), nodeid: 2, insize: 138, pid: 1290
write[0] 58 bytes to 8224 flags: 0x8002
   unique: 16, error: -28 (No space left on device), outsize: 16
unique: 18, opcode: FLUSH (25), nodeid: 2, insize: 64, pid: 1290
   unique: 18, error: -38 (Function not implemented), outsize: 16
unique: 20, opcode: RELEASE (18), nodeid: 2, insize: 64, pid: 0
   unique: 20, success, outsize: 16
FUSE library version: 2.9.9
nullpath_ok: 0
nopath: 0
utime_omit_ok: 0
unique: 2, opcode: INIT (26), nodeid: 0, insize: 56, pid: 0
INIT: 7.34
flags=0x33fffffb
max_readahead=0x00020000
   INIT: 7.19
   flags=0x00000011
   max_readahead=0x00020000
   max_write=0x00001000
   max_background=0
   congestion_threshold=0
   unique: 2, success, outsize: 40
unique: 4, opcode: GETATTR (3), nodeid: 1, insize: 56, pid: 7363
getattr /
   unique: 4, success, outsize: 120
unique: 6, opcode: ACCESS (34), nodeid: 1, insize: 48, pid: 6882
   unique: 6, error: -38 (Function not implemented), outsize: 16
unique: 8, opcode: STATFS (17), nodeid: 1, insize: 40, pid: 7365
statfs /
   unique: 8, success, outsize: 96
unique: 10, opcode: LOOKUP (1), nodeid: 1, insize: 52, pid: 7365
LOOKUP /onefile.txt
getattr /onefile.txt
   NODEID: 2
   unique: 10, success, outsize: 144
unique: 12, opcode: OPEN (14), nodeid: 2, insize: 48, pid: 7365
   unique: 12, success, outsize: 32
unique: 14, opcode: GETXATTR (22), nodeid: 2, insize: 68, pid: 7365
   unique: 14, error: -38 (Function not implemented), outsize: 16
unique: 16, opcode: WRITE (16), nodeid: 2, insize: 138, pid: 7365
write[0] 58 bytes to 8224 flags: 0x8002
   unique: 16, error: -28 (No space left on device), outsize: 16
unique: 18, opcode: FLUSH (25), nodeid: 2, insize: 64, pid: 7365
   unique: 18, error: -38 (Function not implemented), outsize: 16
unique: 20, opcode: RELEASE (18), nodeid: 2, insize: 64, pid: 0
   unique: 20, success, outsize: 16
