DONE CHECKING SUPERBLOCK. NO ERRORS FOUND.
ERROR: inode link count 1 and inode bitmap status free are inconsistent.
DONE CHECKING INODES. ERRORS FOUND.
DONE CHECKING DIRECTORIES. NO ERRORS FOUND.
File system is inconsistent, but checking bitmaps anyway.
DONE CHECKING INODE BITMAP. NO ERRORS FOUND.
DONE CHECKING DATA BITMAP. NO ERRORS FOUND.
DONE CHECKING SUPERBLOCK. NO ERRORS FOUND.
ERROR: inode link count 1 and inode bitmap status free are inconsistent.
DONE CHECKING INODES. ERRORS FOUND.
DONE CHECKING DIRECTORIES. NO ERRORS FOUND.
File system is inconsistent, but checking bitmaps anyway.
DONE CHECKING INODE BITMAP. NO ERRORS FOUND.
DONE CHECKING DATA BITMAP. NO ERRORS FOUND.
DONE CHECKING SUPERBLOCK. NO ERRORS FOUND.
ERROR: inode link count 1 and inode bitmap status free are inconsistent.
DONE CHECKING INODES. ERRORS FOUND.
DONE CHECKING DIRECTORIES. NO ERRORS FOUND.
File system is inconsistent, but checking bitmaps anyway.
DONE CHECKING INODE BITMAP. NO ERRORS FOUND.
DONE CHECKING DATA BITMAP. NO ERRORS FOUND.
DONE CHECKING SUPERBLOCK. NO ERRORS FOUND.
ERROR: inode link count 1 and inode bitmap status free are inconsistent.
DONE CHECKING INODES. ERRORS FOUND.
DONE CHECKING DIRECTORIES. NO ERRORS FOUND.
File system is inconsistent, but checking bitmaps anyway.
DONE CHECKING INODE BITMAP. NO ERRORS FOUND.
DONE CHECKING DATA BITMAP. NO ERRORS FOUND.
